0:0:0:0:0:0:0:1 - - [29/Sep/2017:09:42:42 -0400] "GET /sonar/js/app.bf342fee.js HTTP/1.1" 200 - "http://localhost:9090/sonar/" "Mozilla/5.0 (Windows NT 10.0; Win64; x64) AppleWebKit/537.36 (KHTML, like Gecko) Chrome/61.0.3163.100 Safari/537.36" "AV7N3/ejgCUuLcG7AAAD"
0:0:0:0:0:0:0:1 - - [29/Sep/2017:09:42:43 -0400] "GET /sonar/api/l10n/index?locale=en-US HTTP/1.1" 200 - "http://localhost:9090/sonar/" "Mozilla/5.0 (Windows NT 10.0; Win64; x64) AppleWebKit/537.36 (KHTML, like Gecko) Chrome/61.0.3163.100 Safari/537.36" "AV7N3/ejgCUuLcG7AAAE"
0:0:0:0:0:0:0:1 - - [29/Sep/2017:09:42:43 -0400] "GET /sonar/favicon.ico HTTP/1.1" 200 5430 "http://localhost:9090/sonar/" "Mozilla/5.0 (Windows NT 10.0; Win64; x64) AppleWebKit/537.36 (KHTML, like Gecko) Chrome/61.0.3163.100 Safari/537.36" "AV7N3/ejgCUuLcG7AAAF"
0:0:0:0:0:0:0:1 - - [29/Sep/2017:09:42:43 -0400] "GET /sonar/api/system/status HTTP/1.1" 200 67 "http://localhost:9090/sonar/" "Mozilla/5.0 (Windows NT 10.0; Win64; x64) AppleWebKit/537.36 (KHTML, like Gecko) Chrome/61.0.3163.100 Safari/537.36" "AV7N3/ejgCUuLcG7AAAG"
0:0:0:0:0:0:0:1 - - [29/Sep/2017:09:42:43 -0400] "GET /sonar/api/users/current HTTP/1.1" 200 98 "http://localhost:9090/sonar/" "Mozilla/5.0 (Windows NT 10.0; Win64; x64) AppleWebKit/537.36 (KHTML, like Gecko) Chrome/61.0.3163.100 Safari/537.36" "AV7N3/ejgCUuLcG7AAAH"
0:0:0:0:0:0:0:1 - - [29/Sep/2017:09:42:43 -0400] "GET /sonar/api/navigation/global HTTP/1.1" 200 426 "http://localhost:9090/sonar/" "Mozilla/5.0 (Windows NT 10.0; Win64; x64) AppleWebKit/537.36 (KHTML, like Gecko) Chrome/61.0.3163.100 Safari/537.36" "AV7N3/ejgCUuLcG7AAAI"
0:0:0:0:0:0:0:1 - - [29/Sep/2017:09:42:43 -0400] "GET /sonar/api/languages/list HTTP/1.1" 200 214 "http://localhost:9090/sonar/" "Mozilla/5.0 (Windows NT 10.0; Win64; x64) AppleWebKit/537.36 (KHTML, like Gecko) Chrome/61.0.3163.100 Safari/537.36" "AV7N3/ejgCUuLcG7AAAJ"
0:0:0:0:0:0:0:1 - - [29/Sep/2017:09:42:43 -0400] "GET /sonar/js/16.38470151.chunk.js HTTP/1.1" 200 - "http://localhost:9090/sonar/about" "Mozilla/5.0 (Windows NT 10.0; Win64; x64) AppleWebKit/537.36 (KHTML, like Gecko) Chrome/61.0.3163.100 Safari/537.36" "AV7N3/ejgCUuLcG7AAAK"
0:0:0:0:0:0:0:1 - - [29/Sep/2017:09:42:43 -0400] "GET /sonar/api/settings/values?keys=sonar.lf.aboutText HTTP/1.1" 200 15 "http://localhost:9090/sonar/about" "Mozilla/5.0 (Windows NT 10.0; Win64; x64) AppleWebKit/537.36 (KHTML, like Gecko) Chrome/61.0.3163.100 Safari/537.36" "AV7N3/ejgCUuLcG7AAAN"
0:0:0:0:0:0:0:1 - - [29/Sep/2017:09:42:43 -0400] "GET /sonar/images/scanner-logos/msbuild.svg HTTP/1.1" 200 722 "http://localhost:9090/sonar/about" "Mozilla/5.0 (Windows NT 10.0; Win64; x64) AppleWebKit/537.36 (KHTML, like Gecko) Chrome/61.0.3163.100 Safari/537.36" "AV7N3/ejgCUuLcG7AAAQ"
0:0:0:0:0:0:0:1 - - [29/Sep/2017:09:42:43 -0400] "GET /sonar/images/logo.svg HTTP/1.1" 200 5848 "http://localhost:9090/sonar/about" "Mozilla/5.0 (Windows NT 10.0; Win64; x64) AppleWebKit/537.36 (KHTML, like Gecko) Chrome/61.0.3163.100 Safari/537.36" "AV7N3/ejgCUuLcG7AAAO"
0:0:0:0:0:0:0:1 - - [29/Sep/2017:09:42:43 -0400] "GET /sonar/images/scanner-logos/sonarqube.svg HTTP/1.1" 200 8422 "http://localhost:9090/sonar/about" "Mozilla/5.0 (Windows NT 10.0; Win64; x64) AppleWebKit/537.36 (KHTML, like Gecko) Chrome/61.0.3163.100 Safari/537.36" "AV7N3/ejgCUuLcG7AAAP"
0:0:0:0:0:0:0:1 - - [29/Sep/2017:09:42:43 -0400] "GET /sonar/images/scanner-logos/maven.svg HTTP/1.1" 200 2234 "http://localhost:9090/sonar/about" "Mozilla/5.0 (Windows NT 10.0; Win64; x64) AppleWebKit/537.36 (KHTML, like Gecko) Chrome/61.0.3163.100 Safari/537.36" "AV7N3/ejgCUuLcG7AAAR"
0:0:0:0:0:0:0:1 - - [29/Sep/2017:09:42:43 -0400] "GET /sonar/images/scanner-logos/gradle.svg HTTP/1.1" 200 3708 "http://localhost:9090/sonar/about" "Mozilla/5.0 (Windows NT 10.0; Win64; x64) AppleWebKit/537.36 (KHTML, like Gecko) Chrome/61.0.3163.100 Safari/537.36" "AV7N3/ejgCUuLcG7AAAT"
0:0:0:0:0:0:0:1 - - [29/Sep/2017:09:42:43 -0400] "GET /sonar/images/scanner-logos/jenkins.svg HTTP/1.1" 200 14902 "http://localhost:9090/sonar/about" "Mozilla/5.0 (Windows NT 10.0; Win64; x64) AppleWebKit/537.36 (KHTML, like Gecko) Chrome/61.0.3163.100 Safari/537.36" "AV7N3/ejgCUuLcG7AAAU"
0:0:0:0:0:0:0:1 - - [29/Sep/2017:09:42:43 -0400] "GET /sonar/fonts/sonar-5.2.woff? HTTP/1.1" 200 17904 "http://localhost:9090/sonar/css/sonar.bf342fee.css" "Mozilla/5.0 (Windows NT 10.0; Win64; x64) AppleWebKit/537.36 (KHTML, like Gecko) Chrome/61.0.3163.100 Safari/537.36" "AV7N3/ejgCUuLcG7AAAS"
0:0:0:0:0:0:0:1 - - [29/Sep/2017:09:42:43 -0400] "GET /sonar/images/scanner-logos/ant.svg HTTP/1.1" 200 9688 "http://localhost:9090/sonar/about" "Mozilla/5.0 (Windows NT 10.0; Win64; x64) AppleWebKit/537.36 (KHTML, like Gecko) Chrome/61.0.3163.100 Safari/537.36" "AV7N3/ejgCUuLcG7AAAV"
0:0:0:0:0:0:0:1 - - [29/Sep/2017:09:42:44 -0400] "GET /sonar/api/components/search_projects?ps=1 HTTP/1.1" 200 217 "http://localhost:9090/sonar/about" "Mozilla/5.0 (Windows NT 10.0; Win64; x64) AppleWebKit/537.36 (KHTML, like Gecko) Chrome/61.0.3163.100 Safari/537.36" "AV7N3/ejgCUuLcG7AAAL"
0:0:0:0:0:0:0:1 - - [29/Sep/2017:09:42:44 -0400] "GET /sonar/api/issues/search?resolved=false&facets=types&ps=1&additionalFields=_all HTTP/1.1" 200 467 "http://localhost:9090/sonar/about" "Mozilla/5.0 (Windows NT 10.0; Win64; x64) AppleWebKit/537.36 (KHTML, like Gecko) Chrome/61.0.3163.100 Safari/537.36" "AV7N3/ejgCUuLcG7AAAM"
0:0:0:0:0:0:0:1 - - [29/Sep/2017:09:47:09 -0400] "GET / HTTP/1.1" 200 - "-" "Mozilla/5.0 (Windows NT 10.0; Win64; x64) AppleWebKit/537.36 (KHTML, like Gecko) Chrome/61.0.3163.100 Safari/537.36" "AV7N5A7fV2dmn6IhAAAA"
0:0:0:0:0:0:0:1 - - [29/Sep/2017:09:47:10 -0400] "GET /api/l10n/index?locale=en-US&ts=2017-09-28T14%3A08%3A36-0400 HTTP/1.1" 200 - "http://localhost:9000/" "Mozilla/5.0 (Windows NT 10.0; Win64; x64) AppleWebKit/537.36 (KHTML, like Gecko) Chrome/61.0.3163.100 Safari/537.36" "AV7N5A7fV2dmn6IhAAAB"
0:0:0:0:0:0:0:1 - - [29/Sep/2017:09:47:10 -0400] "GET /api/system/status HTTP/1.1" 200 67 "http://localhost:9000/" "Mozilla/5.0 (Windows NT 10.0; Win64; x64) AppleWebKit/537.36 (KHTML, like Gecko) Chrome/61.0.3163.100 Safari/537.36" "AV7N5A7fV2dmn6IhAAAC"
0:0:0:0:0:0:0:1 - - [29/Sep/2017:09:47:10 -0400] "GET /api/users/current HTTP/1.1" 200 98 "http://localhost:9000/" "Mozilla/5.0 (Windows NT 10.0; Win64; x64) AppleWebKit/537.36 (KHTML, like Gecko) Chrome/61.0.3163.100 Safari/537.36" "AV7N5A7fV2dmn6IhAAAD"
0:0:0:0:0:0:0:1 - - [29/Sep/2017:09:47:10 -0400] "GET /api/navigation/global HTTP/1.1" 200 426 "http://localhost:9000/" "Mozilla/5.0 (Windows NT 10.0; Win64; x64) AppleWebKit/537.36 (KHTML, like Gecko) Chrome/61.0.3163.100 Safari/537.36" "AV7N5A7fV2dmn6IhAAAE"
0:0:0:0:0:0:0:1 - - [29/Sep/2017:09:47:11 -0400] "GET /api/languages/list HTTP/1.1" 200 214 "http://localhost:9000/" "Mozilla/5.0 (Windows NT 10.0; Win64; x64) AppleWebKit/537.36 (KHTML, like Gecko) Chrome/61.0.3163.100 Safari/537.36" "AV7N5A7fV2dmn6IhAAAF"
0:0:0:0:0:0:0:1 - - [29/Sep/2017:09:47:11 -0400] "GET /api/settings/values?keys=sonar.lf.aboutText HTTP/1.1" 200 15 "http://localhost:9000/about" "Mozilla/5.0 (Windows NT 10.0; Win64; x64) AppleWebKit/537.36 (KHTML, like Gecko) Chrome/61.0.3163.100 Safari/537.36" "AV7N5A7fV2dmn6IhAAAI"
0:0:0:0:0:0:0:1 - - [29/Sep/2017:09:47:11 -0400] "GET /api/components/search_projects?ps=1 HTTP/1.1" 200 217 "http://localhost:9000/about" "Mozilla/5.0 (Windows NT 10.0; Win64; x64) AppleWebKit/537.36 (KHTML, like Gecko) Chrome/61.0.3163.100 Safari/537.36" "AV7N5A7fV2dmn6IhAAAG"
0:0:0:0:0:0:0:1 - - [29/Sep/2017:09:47:11 -0400] "GET /api/issues/search?resolved=false&facets=types&ps=1&additionalFields=_all HTTP/1.1" 200 467 "http://localhost:9000/about" "Mozilla/5.0 (Windows NT 10.0; Win64; x64) AppleWebKit/537.36 (KHTML, like Gecko) Chrome/61.0.3163.100 Safari/537.36" "AV7N5A7fV2dmn6IhAAAH"
0:0:0:0:0:0:0:1 - - [29/Sep/2017:09:47:21 -0400] "GET /api/components/search_projects?ps=50&facets=reliability_rating%2Csecurity_rating%2Csqale_rating%2Ccoverage%2Cduplicated_lines_density%2Cncloc%2Calert_status%2Clanguages%2Ctags&f=analysisDate%2CleakPeriodDate&s=analysisDate&asc=false HTTP/1.1" 200 - "http://localhost:9000/projects?sort=-analysis_date" "Mozilla/5.0 (Windows NT 10.0; Win64; x64) AppleWebKit/537.36 (KHTML, like Gecko) Chrome/61.0.3163.100 Safari/537.36" "AV7N5A7fV2dmn6IhAAAJ"
0:0:0:0:0:0:0:1 - - [29/Sep/2017:09:47:21 -0400] "GET /api/organizations/search?organizations=default-organization HTTP/1.1" 200 144 "http://localhost:9000/projects?sort=-analysis_date" "Mozilla/5.0 (Windows NT 10.0; Win64; x64) AppleWebKit/537.36 (KHTML, like Gecko) Chrome/61.0.3163.100 Safari/537.36" "AV7N5A7fV2dmn6IhAAAL"
0:0:0:0:0:0:0:1 - - [29/Sep/2017:09:47:21 -0400] "GET /api/measures/search?projectKeys=fam4ever&metricKeys=alert_status%2Creliability_rating%2Csecurity_rating%2Csqale_rating%2Cduplicated_lines_density%2Ccoverage%2Cncloc%2Cncloc_language_distribution HTTP/1.1" 200 543 "http://localhost:9000/projects?sort=-analysis_date" "Mozilla/5.0 (Windows NT 10.0; Win64; x64) AppleWebKit/537.36 (KHTML, like Gecko) Chrome/61.0.3163.100 Safari/537.36" "AV7N5A7fV2dmn6IhAAAK"
