--> Wrapper Started as Console
Launching a JVM...
Wrapper (Version 3.2.3) http://wrapper.tanukisoftware.org
  Copyright 1999-2006 Tanuki Software, Inc.  All Rights Reserved.

2017.09.28 14:06:49 INFO  app[][o.s.a.AppFileSystem] Cleaning or creating temp directory C:\Sonar\sonarqube-6.5\temp
2017.09.28 14:06:50 INFO  app[][o.s.a.p.JavaProcessLauncherImpl] Launch process[es]: C:\Program Files\Java\jre1.8.0_144\bin\java -Djava.awt.headless=true -Xmx1G -Xms256m -Xss256k -Djna.nosys=true -XX:+UseParNewGC -XX:+UseConcMarkSweepGC -XX:CMSInitiatingOccupancyFraction=75 -XX:+UseCMSInitiatingOccupancyOnly -XX:+HeapDumpOnOutOfMemoryError -Djava.io.tmpdir=C:\Sonar\sonarqube-6.5\temp -cp ./lib/common/*;./lib/search/* org.sonar.search.SearchServer C:\Sonar\sonarqube-6.5\temp\sq-process7931796213251054601properties
2017.09.28 14:06:58 INFO  app[][o.s.a.SchedulerImpl] Process[es] is up
2017.09.28 14:06:58 INFO  app[][o.s.a.p.JavaProcessLauncherImpl] Launch process[web]: C:\Program Files\Java\jre1.8.0_144\bin\java -Djava.awt.headless=true -Dfile.encoding=UTF-8 -Xmx512m -Xms128m -XX:+HeapDumpOnOutOfMemoryError -Djava.io.tmpdir=C:\Sonar\sonarqube-6.5\temp -cp ./lib/common/*;./lib/server/*;C:\Sonar\sonarqube-6.5\lib\jdbc\h2\h2-1.3.176.jar org.sonar.server.app.WebServer C:\Sonar\sonarqube-6.5\temp\sq-process6330424268097722077properties
2017.09.28 14:07:44 INFO  app[][o.s.a.SchedulerImpl] Process[web] is up
2017.09.28 14:07:44 INFO  app[][o.s.a.p.JavaProcessLauncherImpl] Launch process[ce]: C:\Program Files\Java\jre1.8.0_144\bin\java -Djava.awt.headless=true -Dfile.encoding=UTF-8 -Xmx512m -Xms128m -XX:+HeapDumpOnOutOfMemoryError -Djava.io.tmpdir=C:\Sonar\sonarqube-6.5\temp -cp ./lib/common/*;./lib/server/*;./lib/ce/*;C:\Sonar\sonarqube-6.5\lib\jdbc\h2\h2-1.3.176.jar org.sonar.ce.app.CeServer C:\Sonar\sonarqube-6.5\temp\sq-process8716746400847622037properties
2017.09.28 14:07:55 INFO  app[][o.s.a.SchedulerImpl] Process[ce] is up
2017.09.28 14:07:55 INFO  app[][o.s.a.SchedulerImpl] SonarQube is up
ERROR: Another instance of the SonarQube application is already running.
CTRL-C trapped.  Shutting down.
2017.09.28 16:47:49 INFO  app[][o.s.a.SchedulerImpl] Stopping SonarQube
2017.09.28 16:47:50 INFO  app[][o.s.a.SchedulerImpl] Process [ce] is stopped
--> Wrapper Started as Console
Launching a JVM...
Wrapper (Version 3.2.3) http://wrapper.tanukisoftware.org
  Copyright 1999-2006 Tanuki Software, Inc.  All Rights Reserved.

2017.09.28 16:48:23 INFO  app[][o.s.a.AppFileSystem] Cleaning or creating temp directory C:\Sonar\sonarqube-6.5\temp

WrapperSimpleApp: Encountered an error running main: java.nio.file.AccessDeniedException: C:\Sonar\sonarqube-6.5\temp\jna-192807011\jna3765681367535027899.dll
java.nio.file.AccessDeniedException: C:\Sonar\sonarqube-6.5\temp\jna-192807011\jna3765681367535027899.dll
	at sun.nio.fs.WindowsException.translateToIOException(Unknown Source)
	at sun.nio.fs.WindowsException.rethrowAsIOException(Unknown Source)
	at sun.nio.fs.WindowsException.rethrowAsIOException(Unknown Source)
	at sun.nio.fs.WindowsFileSystemProvider.implDelete(Unknown Source)
	at sun.nio.fs.AbstractFileSystemProvider.delete(Unknown Source)
	at java.nio.file.Files.delete(Unknown Source)
	at org.sonar.process.FileUtils2$DeleteRecursivelyFileVisitor.visitFile(FileUtils2.java:170)
	at org.sonar.process.FileUtils2$DeleteRecursivelyFileVisitor.visitFile(FileUtils2.java:165)
	at java.nio.file.Files.walkFileTree(Unknown Source)
	at java.nio.file.Files.walkFileTree(Unknown Source)
	at org.sonar.process.FileUtils2.deleteDirectoryImpl(FileUtils2.java:127)
	at org.sonar.process.FileUtils2.deleteDirectory(FileUtils2.java:112)
	at org.sonar.application.AppFileSystem$CleanTempDirFileVisitor.visitFile(AppFileSystem.java:117)
	at org.sonar.application.AppFileSystem$CleanTempDirFileVisitor.visitFile(AppFileSystem.java:101)
	at java.nio.file.Files.walkFileTree(Unknown Source)
	at org.sonar.application.AppFileSystem.createOrCleanTempDirectory(AppFileSystem.java:96)
	at org.sonar.application.AppFileSystem.reset(AppFileSystem.java:62)
	at org.sonar.application.App.start(App.java:53)
	at org.sonar.application.App.main(App.java:75)
	at sun.reflect.NativeMethodAccessorImpl.invoke0(Native Method)
	at sun.reflect.NativeMethodAccessorImpl.invoke(Unknown Source)
	at sun.reflect.DelegatingMethodAccessorImpl.invoke(Unknown Source)
	at java.lang.reflect.Method.invoke(Unknown Source)
	at org.tanukisoftware.wrapper.WrapperSimpleApp.run(WrapperSimpleApp.java:240)
	at java.lang.Thread.run(Unknown Source)
<-- Wrapper Stopped
--> Wrapper Started as Console
Launching a JVM...
Wrapper (Version 3.2.3) http://wrapper.tanukisoftware.org
  Copyright 1999-2006 Tanuki Software, Inc.  All Rights Reserved.

2017.09.28 16:48:46 INFO  app[][o.s.a.AppFileSystem] Cleaning or creating temp directory C:\Sonar\sonarqube-6.5\temp

WrapperSimpleApp: Encountered an error running main: java.nio.file.AccessDeniedException: C:\Sonar\sonarqube-6.5\temp\jna-192807011\jna3765681367535027899.dll
java.nio.file.AccessDeniedException: C:\Sonar\sonarqube-6.5\temp\jna-192807011\jna3765681367535027899.dll
	at sun.nio.fs.WindowsException.translateToIOException(Unknown Source)
	at sun.nio.fs.WindowsException.rethrowAsIOException(Unknown Source)
	at sun.nio.fs.WindowsException.rethrowAsIOException(Unknown Source)
	at sun.nio.fs.WindowsFileSystemProvider.implDelete(Unknown Source)
	at sun.nio.fs.AbstractFileSystemProvider.delete(Unknown Source)
	at java.nio.file.Files.delete(Unknown Source)
	at org.sonar.process.FileUtils2$DeleteRecursivelyFileVisitor.visitFile(FileUtils2.java:170)
	at org.sonar.process.FileUtils2$DeleteRecursivelyFileVisitor.visitFile(FileUtils2.java:165)
	at java.nio.file.Files.walkFileTree(Unknown Source)
	at java.nio.file.Files.walkFileTree(Unknown Source)
	at org.sonar.process.FileUtils2.deleteDirectoryImpl(FileUtils2.java:127)
	at org.sonar.process.FileUtils2.deleteDirectory(FileUtils2.java:112)
	at org.sonar.application.AppFileSystem$CleanTempDirFileVisitor.visitFile(AppFileSystem.java:117)
	at org.sonar.application.AppFileSystem$CleanTempDirFileVisitor.visitFile(AppFileSystem.java:101)
	at java.nio.file.Files.walkFileTree(Unknown Source)
	at org.sonar.application.AppFileSystem.createOrCleanTempDirectory(AppFileSystem.java:96)
	at org.sonar.application.AppFileSystem.reset(AppFileSystem.java:62)
	at org.sonar.application.App.start(App.java:53)
	at org.sonar.application.App.main(App.java:75)
	at sun.reflect.NativeMethodAccessorImpl.invoke0(Native Method)
	at sun.reflect.NativeMethodAccessorImpl.invoke(Unknown Source)
	at sun.reflect.DelegatingMethodAccessorImpl.invoke(Unknown Source)
	at java.lang.reflect.Method.invoke(Unknown Source)
	at org.tanukisoftware.wrapper.WrapperSimpleApp.run(WrapperSimpleApp.java:240)
	at java.lang.Thread.run(Unknown Source)
<-- Wrapper Stopped
The SonarQube service is not installed - The specified service does not exist as an installed service. (0x424)
--> Wrapper Started as Console
Launching a JVM...
Wrapper (Version 3.2.3) http://wrapper.tanukisoftware.org
  Copyright 1999-2006 Tanuki Software, Inc.  All Rights Reserved.

2017.09.28 17:01:36 INFO  app[][o.s.a.AppFileSystem] Cleaning or creating temp directory C:\Sonar\sonarqube-6.5\temp

WrapperSimpleApp: Encountered an error running main: java.nio.file.AccessDeniedException: C:\Sonar\sonarqube-6.5\temp\jna-192807011\jna3765681367535027899.dll
java.nio.file.AccessDeniedException: C:\Sonar\sonarqube-6.5\temp\jna-192807011\jna3765681367535027899.dll
	at sun.nio.fs.WindowsException.translateToIOException(Unknown Source)
	at sun.nio.fs.WindowsException.rethrowAsIOException(Unknown Source)
	at sun.nio.fs.WindowsException.rethrowAsIOException(Unknown Source)
	at sun.nio.fs.WindowsFileSystemProvider.implDelete(Unknown Source)
	at sun.nio.fs.AbstractFileSystemProvider.delete(Unknown Source)
	at java.nio.file.Files.delete(Unknown Source)
	at org.sonar.process.FileUtils2$DeleteRecursivelyFileVisitor.visitFile(FileUtils2.java:170)
	at org.sonar.process.FileUtils2$DeleteRecursivelyFileVisitor.visitFile(FileUtils2.java:165)
	at java.nio.file.Files.walkFileTree(Unknown Source)
	at java.nio.file.Files.walkFileTree(Unknown Source)
	at org.sonar.process.FileUtils2.deleteDirectoryImpl(FileUtils2.java:127)
	at org.sonar.process.FileUtils2.deleteDirectory(FileUtils2.java:112)
	at org.sonar.application.AppFileSystem$CleanTempDirFileVisitor.visitFile(AppFileSystem.java:117)
	at org.sonar.application.AppFileSystem$CleanTempDirFileVisitor.visitFile(AppFileSystem.java:101)
	at java.nio.file.Files.walkFileTree(Unknown Source)
	at org.sonar.application.AppFileSystem.createOrCleanTempDirectory(AppFileSystem.java:96)
	at org.sonar.application.AppFileSystem.reset(AppFileSystem.java:62)
	at org.sonar.application.App.start(App.java:53)
	at org.sonar.application.App.main(App.java:75)
	at sun.reflect.NativeMethodAccessorImpl.invoke0(Native Method)
	at sun.reflect.NativeMethodAccessorImpl.invoke(Unknown Source)
	at sun.reflect.DelegatingMethodAccessorImpl.invoke(Unknown Source)
	at java.lang.reflect.Method.invoke(Unknown Source)
	at org.tanukisoftware.wrapper.WrapperSimpleApp.run(WrapperSimpleApp.java:240)
	at java.lang.Thread.run(Unknown Source)
<-- Wrapper Stopped
The SonarQube service is not installed - The specified service does not exist as an installed service. (0x424)
--> Wrapper Started as Console
Launching a JVM...
Wrapper (Version 3.2.3) http://wrapper.tanukisoftware.org
  Copyright 1999-2006 Tanuki Software, Inc.  All Rights Reserved.

2017.09.29 08:07:34 INFO  app[][o.s.a.AppFileSystem] Cleaning or creating temp directory C:\Sonar\sonarqube-6.5\temp
2017.09.29 08:07:35 INFO  app[][o.s.a.p.JavaProcessLauncherImpl] Launch process[es]: C:\Program Files\Java\jre1.8.0_144\bin\java -Djava.awt.headless=true -Xmx1G -Xms256m -Xss256k -Djna.nosys=true -XX:+UseParNewGC -XX:+UseConcMarkSweepGC -XX:CMSInitiatingOccupancyFraction=75 -XX:+UseCMSInitiatingOccupancyOnly -XX:+HeapDumpOnOutOfMemoryError -Djava.io.tmpdir=C:\Sonar\sonarqube-6.5\temp -cp ./lib/common/*;./lib/search/* org.sonar.search.SearchServer C:\Sonar\sonarqube-6.5\temp\sq-process1156673427810045004properties
2017.09.29 08:07:47 INFO  app[][o.s.a.SchedulerImpl] Process[es] is up
2017.09.29 08:07:47 INFO  app[][o.s.a.p.JavaProcessLauncherImpl] Launch process[web]: C:\Program Files\Java\jre1.8.0_144\bin\java -Djava.awt.headless=true -Dfile.encoding=UTF-8 -Xmx512m -Xms128m -XX:+HeapDumpOnOutOfMemoryError -Djava.io.tmpdir=C:\Sonar\sonarqube-6.5\temp -cp ./lib/common/*;./lib/server/*;C:\Sonar\sonarqube-6.5\lib\jdbc\h2\h2-1.3.176.jar org.sonar.server.app.WebServer C:\Sonar\sonarqube-6.5\temp\sq-process2158593177101765978properties
2017.09.29 08:07:52 INFO  app[][o.s.a.SchedulerImpl] Process [web] is stopped
2017.09.29 08:07:53 INFO  app[][o.s.a.SchedulerImpl] Process [es] is stopped
2017.09.29 08:07:53 INFO  app[][o.s.a.SchedulerImpl] SonarQube is stopped
<-- Wrapper Stopped
--> Wrapper Started as Console
Launching a JVM...
Wrapper (Version 3.2.3) http://wrapper.tanukisoftware.org
  Copyright 1999-2006 Tanuki Software, Inc.  All Rights Reserved.

2017.09.29 08:51:19 INFO  app[][o.s.a.AppFileSystem] Cleaning or creating temp directory C:\Sonar\sonarqube-6.5\temp
2017.09.29 08:51:20 INFO  app[][o.s.a.p.JavaProcessLauncherImpl] Launch process[es]: C:\Program Files\Java\jre1.8.0_144\bin\java -Djava.awt.headless=true -Xmx1G -Xms256m -Xss256k -Djna.nosys=true -XX:+UseParNewGC -XX:+UseConcMarkSweepGC -XX:CMSInitiatingOccupancyFraction=75 -XX:+UseCMSInitiatingOccupancyOnly -XX:+HeapDumpOnOutOfMemoryError -Djava.io.tmpdir=C:\Sonar\sonarqube-6.5\temp -cp ./lib/common/*;./lib/search/* org.sonar.search.SearchServer C:\Sonar\sonarqube-6.5\temp\sq-process4298277467816380811properties
2017.09.29 08:51:30 INFO  app[][o.s.a.SchedulerImpl] Process[es] is up
2017.09.29 08:51:30 INFO  app[][o.s.a.p.JavaProcessLauncherImpl] Launch process[web]: C:\Program Files\Java\jre1.8.0_144\bin\java -Djava.awt.headless=true -Dfile.encoding=UTF-8 -Xmx512m -Xms128m -XX:+HeapDumpOnOutOfMemoryError -Djava.io.tmpdir=C:\Sonar\sonarqube-6.5\temp -cp ./lib/common/*;./lib/server/*;C:\Sonar\sonarqube-6.5\lib\jdbc\mssql\mssql-jdbc-6.1.0.jre8.jar org.sonar.server.app.WebServer C:\Sonar\sonarqube-6.5\temp\sq-process3142959585471579641properties
2017.09.29 08:51:51 INFO  app[][o.s.a.SchedulerImpl] Process [web] is stopped
2017.09.29 08:51:51 INFO  app[][o.s.a.SchedulerImpl] Process [es] is stopped
2017.09.29 08:51:51 INFO  app[][o.s.a.SchedulerImpl] SonarQube is stopped
<-- Wrapper Stopped
--> Wrapper Started as Console
Launching a JVM...
Wrapper (Version 3.2.3) http://wrapper.tanukisoftware.org
  Copyright 1999-2006 Tanuki Software, Inc.  All Rights Reserved.

2017.09.29 08:52:05 INFO  app[][o.s.a.AppFileSystem] Cleaning or creating temp directory C:\Sonar\sonarqube-6.5\temp
2017.09.29 08:52:05 INFO  app[][o.s.a.p.JavaProcessLauncherImpl] Launch process[es]: C:\Program Files\Java\jre1.8.0_144\bin\java -Djava.awt.headless=true -Xmx1G -Xms256m -Xss256k -Djna.nosys=true -XX:+UseParNewGC -XX:+UseConcMarkSweepGC -XX:CMSInitiatingOccupancyFraction=75 -XX:+UseCMSInitiatingOccupancyOnly -XX:+HeapDumpOnOutOfMemoryError -Djava.io.tmpdir=C:\Sonar\sonarqube-6.5\temp -cp ./lib/common/*;./lib/search/* org.sonar.search.SearchServer C:\Sonar\sonarqube-6.5\temp\sq-process4945047717435146578properties
2017.09.29 08:52:15 INFO  app[][o.s.a.SchedulerImpl] Process[es] is up
2017.09.29 08:52:15 INFO  app[][o.s.a.p.JavaProcessLauncherImpl] Launch process[web]: C:\Program Files\Java\jre1.8.0_144\bin\java -Djava.awt.headless=true -Dfile.encoding=UTF-8 -Xmx512m -Xms128m -XX:+HeapDumpOnOutOfMemoryError -Djava.io.tmpdir=C:\Sonar\sonarqube-6.5\temp -cp ./lib/common/*;./lib/server/*;C:\Sonar\sonarqube-6.5\lib\jdbc\mssql\mssql-jdbc-6.1.0.jre8.jar org.sonar.server.app.WebServer C:\Sonar\sonarqube-6.5\temp\sq-process3126951908943894049properties
2017.09.29 08:52:35 INFO  app[][o.s.a.SchedulerImpl] Process [web] is stopped
2017.09.29 08:52:36 INFO  app[][o.s.a.SchedulerImpl] Process [es] is stopped
2017.09.29 08:52:36 INFO  app[][o.s.a.SchedulerImpl] SonarQube is stopped
<-- Wrapper Stopped
--> Wrapper Started as Console
Launching a JVM...
Wrapper (Version 3.2.3) http://wrapper.tanukisoftware.org
  Copyright 1999-2006 Tanuki Software, Inc.  All Rights Reserved.

2017.09.29 09:25:46 INFO  app[][o.s.a.AppFileSystem] Cleaning or creating temp directory C:\Sonar\sonarqube-6.5\temp
2017.09.29 09:25:46 INFO  app[][o.s.a.p.JavaProcessLauncherImpl] Launch process[es]: C:\Program Files\Java\jre1.8.0_144\bin\java -Djava.awt.headless=true -Xmx1G -Xms256m -Xss256k -Djna.nosys=true -XX:+UseParNewGC -XX:+UseConcMarkSweepGC -XX:CMSInitiatingOccupancyFraction=75 -XX:+UseCMSInitiatingOccupancyOnly -XX:+HeapDumpOnOutOfMemoryError -Djava.io.tmpdir=C:\Sonar\sonarqube-6.5\temp -cp ./lib/common/*;./lib/search/* org.sonar.search.SearchServer C:\Sonar\sonarqube-6.5\temp\sq-process2622843221294609658properties
2017.09.29 09:25:57 INFO  app[][o.s.a.SchedulerImpl] Process[es] is up
2017.09.29 09:25:57 INFO  app[][o.s.a.p.JavaProcessLauncherImpl] Launch process[web]: C:\Program Files\Java\jre1.8.0_144\bin\java -Djava.awt.headless=true -Dfile.encoding=UTF-8 -Xmx512m -Xms128m -XX:+HeapDumpOnOutOfMemoryError -Djava.io.tmpdir=C:\Sonar\sonarqube-6.5\temp -cp ./lib/common/*;./lib/server/*;C:\Sonar\sonarqube-6.5\lib\jdbc\mssql\mssql-jdbc-6.1.0.jre8.jar org.sonar.server.app.WebServer C:\Sonar\sonarqube-6.5\temp\sq-process8388050830975963285properties
2017.09.29 09:26:17 INFO  app[][o.s.a.SchedulerImpl] Process [web] is stopped
2017.09.29 09:26:18 INFO  app[][o.s.a.SchedulerImpl] Process [es] is stopped
2017.09.29 09:26:18 INFO  app[][o.s.a.SchedulerImpl] SonarQube is stopped
<-- Wrapper Stopped
--> Wrapper Started as Console
Launching a JVM...
Wrapper (Version 3.2.3) http://wrapper.tanukisoftware.org
  Copyright 1999-2006 Tanuki Software, Inc.  All Rights Reserved.

2017.09.29 09:29:11 INFO  app[][o.s.a.AppFileSystem] Cleaning or creating temp directory C:\Sonar\sonarqube-6.5\temp
2017.09.29 09:29:12 INFO  app[][o.s.a.p.JavaProcessLauncherImpl] Launch process[es]: C:\Program Files\Java\jre1.8.0_144\bin\java -Djava.awt.headless=true -Xmx1G -Xms256m -Xss256k -Djna.nosys=true -XX:+UseParNewGC -XX:+UseConcMarkSweepGC -XX:CMSInitiatingOccupancyFraction=75 -XX:+UseCMSInitiatingOccupancyOnly -XX:+HeapDumpOnOutOfMemoryError -Djava.io.tmpdir=C:\Sonar\sonarqube-6.5\temp -cp ./lib/common/*;./lib/search/* org.sonar.search.SearchServer C:\Sonar\sonarqube-6.5\temp\sq-process9106818359732292409properties
2017.09.29 09:29:22 INFO  app[][o.s.a.SchedulerImpl] Process[es] is up
2017.09.29 09:29:22 INFO  app[][o.s.a.p.JavaProcessLauncherImpl] Launch process[web]: C:\Program Files\Java\jre1.8.0_144\bin\java -Djava.awt.headless=true -Dfile.encoding=UTF-8 -Xmx512m -Xms128m -XX:+HeapDumpOnOutOfMemoryError -Djava.io.tmpdir=C:\Sonar\sonarqube-6.5\temp -cp ./lib/common/*;./lib/server/*;C:\Sonar\sonarqube-6.5\lib\jdbc\h2\h2-1.3.176.jar org.sonar.server.app.WebServer C:\Sonar\sonarqube-6.5\temp\sq-process5547963040611578271properties
2017.09.29 09:29:38 INFO  app[][o.s.a.SchedulerImpl] Process[web] is up
2017.09.29 09:29:38 INFO  app[][o.s.a.p.JavaProcessLauncherImpl] Launch process[ce]: C:\Program Files\Java\jre1.8.0_144\bin\java -Djava.awt.headless=true -Dfile.encoding=UTF-8 -Xmx512m -Xms128m -XX:+HeapDumpOnOutOfMemoryError -Djava.io.tmpdir=C:\Sonar\sonarqube-6.5\temp -cp ./lib/common/*;./lib/server/*;./lib/ce/*;C:\Sonar\sonarqube-6.5\lib\jdbc\h2\h2-1.3.176.jar org.sonar.ce.app.CeServer C:\Sonar\sonarqube-6.5\temp\sq-process2683054799103125748properties
2017.09.29 09:29:48 INFO  app[][o.s.a.SchedulerImpl] Process[ce] is up
2017.09.29 09:29:48 INFO  app[][o.s.a.SchedulerImpl] SonarQube is up
CTRL-C trapped.  Shutting down.
2017.09.29 09:46:10 INFO  app[][o.s.a.SchedulerImpl] Stopping SonarQube
2017.09.29 09:46:11 INFO  app[][o.s.a.SchedulerImpl] Process [ce] is stopped
2017.09.29 09:46:13 INFO  app[][o.s.a.SchedulerImpl] Process [web] is stopped
2017.09.29 09:46:14 INFO  app[][o.s.a.SchedulerImpl] Process [es] is stopped
2017.09.29 09:46:14 INFO  app[][o.s.a.SchedulerImpl] SonarQube is stopped
<-- Wrapper Stopped
--> Wrapper Started as Console
Launching a JVM...
Wrapper (Version 3.2.3) http://wrapper.tanukisoftware.org
  Copyright 1999-2006 Tanuki Software, Inc.  All Rights Reserved.

2017.09.29 09:46:21 INFO  app[][o.s.a.AppFileSystem] Cleaning or creating temp directory C:\Sonar\sonarqube-6.5\temp
2017.09.29 09:46:21 INFO  app[][o.s.a.p.JavaProcessLauncherImpl] Launch process[es]: C:\Program Files\Java\jre1.8.0_144\bin\java -Djava.awt.headless=true -Xmx1G -Xms256m -Xss256k -Djna.nosys=true -XX:+UseParNewGC -XX:+UseConcMarkSweepGC -XX:CMSInitiatingOccupancyFraction=75 -XX:+UseCMSInitiatingOccupancyOnly -XX:+HeapDumpOnOutOfMemoryError -Djava.io.tmpdir=C:\Sonar\sonarqube-6.5\temp -cp ./lib/common/*;./lib/search/* org.sonar.search.SearchServer C:\Sonar\sonarqube-6.5\temp\sq-process1451466809560788112properties
2017.09.29 09:46:32 INFO  app[][o.s.a.SchedulerImpl] Process[es] is up
2017.09.29 09:46:32 INFO  app[][o.s.a.p.JavaProcessLauncherImpl] Launch process[web]: C:\Program Files\Java\jre1.8.0_144\bin\java -Djava.awt.headless=true -Dfile.encoding=UTF-8 -Xmx512m -Xms128m -XX:+HeapDumpOnOutOfMemoryError -Djava.io.tmpdir=C:\Sonar\sonarqube-6.5\temp -cp ./lib/common/*;./lib/server/*;C:\Sonar\sonarqube-6.5\lib\jdbc\h2\h2-1.3.176.jar org.sonar.server.app.WebServer C:\Sonar\sonarqube-6.5\temp\sq-process275968476344575880properties
2017.09.29 09:46:47 INFO  app[][o.s.a.SchedulerImpl] Process[web] is up
2017.09.29 09:46:47 INFO  app[][o.s.a.p.JavaProcessLauncherImpl] Launch process[ce]: C:\Program Files\Java\jre1.8.0_144\bin\java -Djava.awt.headless=true -Dfile.encoding=UTF-8 -Xmx512m -Xms128m -XX:+HeapDumpOnOutOfMemoryError -Djava.io.tmpdir=C:\Sonar\sonarqube-6.5\temp -cp ./lib/common/*;./lib/server/*;./lib/ce/*;C:\Sonar\sonarqube-6.5\lib\jdbc\h2\h2-1.3.176.jar org.sonar.ce.app.CeServer C:\Sonar\sonarqube-6.5\temp\sq-process8845648110439955203properties
2017.09.29 09:46:53 INFO  app[][o.s.a.SchedulerImpl] Process[ce] is up
2017.09.29 09:46:53 INFO  app[][o.s.a.SchedulerImpl] SonarQube is up
